This is pdfTeX, Version 3.141592653-2.6-1.40.25 (TeX Live 2023) (preloaded format=pdflatex 2023.4.13)  13 APR 2023 16:41
entering extended mode
 restricted \write18 enabled.
 %&-line parsing enabled.
**QCompute-QAPP.tex
(./QCompute-QAPP.tex
LaTeX2e <2022-11-01> patch level 1
L3 programming layer <2023-02-22> (./sphinxmanual.cls
Document Class: sphinxmanual 2019/12/01 v2.3.0 Document class (Sphinx manual)
(/usr/local/texlive/2023/texmf-dist/tex/latex/base/report.cls
Document Class: report 2022/07/02 v1.4n Standard LaTeX document class
(/usr/local/texlive/2023/texmf-dist/tex/latex/base/size10.clo
File: size10.clo 2022/07/02 v1.4n Standard LaTeX file (size option)
)
\c@part=\count185
\c@chapter=\count186
\c@section=\count187
\c@subsection=\count188
\c@subsubsection=\count189
\c@paragraph=\count190
\c@subparagraph=\count191
\c@figure=\count192
\c@table=\count193
\abovecaptionskip=\skip48
\belowcaptionskip=\skip49
\bibindent=\dimen140
)
LaTeX Info: Redefining \and on input line 35.
)
(/usr/local/texlive/2023/texmf-dist/tex/latex/base/inputenc.sty
Package: inputenc 2021/02/14 v1.3d Input encoding file
\inpenc@prehook=\toks16
\inpenc@posthook=\toks17
)
   defining Unicode char U+00A0 (decimal 160)
   defining Unicode char U+2500 (decimal 9472)
   defining Unicode char U+2502 (decimal 9474)
   defining Unicode char U+2514 (decimal 9492)
   defining Unicode char U+251C (decimal 9500)
   defining Unicode char U+2572 (decimal 9586)

(/usr/local/texlive/2023/texmf-dist/tex/latex/cmap/cmap.sty
Package: cmap 2021/02/06 v1.0j CMap support: searchable PDF
)
(/usr/local/texlive/2023/texmf-dist/tex/latex/base/fontenc.sty
Package: fontenc 2021/04/29 v2.0v Standard LaTeX package
<<t1.cmap>>)
(/usr/local/texlive/2023/texmf-dist/tex/latex/amsmath/amsmath.sty
Package: amsmath 2022/04/08 v2.17n AMS math features
\@mathmargin=\skip50

For additional information on amsmath, use the `?' option.
(/usr/local/texlive/2023/texmf-dist/tex/latex/amsmath/amstext.sty
Package: amstext 2021/08/26 v2.01 AMS text

(/usr/local/texlive/2023/texmf-dist/tex/latex/amsmath/amsgen.sty
File: amsgen.sty 1999/11/30 v2.0 generic functions
\@emptytoks=\toks18
\ex@=\dimen141
))
(/usr/local/texlive/2023/texmf-dist/tex/latex/amsmath/amsbsy.sty
Package: amsbsy 1999/11/29 v1.2d Bold Symbols
\pmbraise@=\dimen142
)
(/usr/local/texlive/2023/texmf-dist/tex/latex/amsmath/amsopn.sty
Package: amsopn 2022/04/08 v2.04 operator names
)
\inf@bad=\count194
LaTeX Info: Redefining \frac on input line 234.
\uproot@=\count195
\leftroot@=\count196
LaTeX Info: Redefining \overline on input line 399.
LaTeX Info: Redefining \colon on input line 410.
\classnum@=\count197
\DOTSCASE@=\count198
LaTeX Info: Redefining \ldots on input line 496.
LaTeX Info: Redefining \dots on input line 499.
LaTeX Info: Redefining \cdots on input line 620.
\Mathstrutbox@=\box51
\strutbox@=\box52
LaTeX Info: Redefining \big on input line 722.
LaTeX Info: Redefining \Big on input line 723.
LaTeX Info: Redefining \bigg on input line 724.
LaTeX Info: Redefining \Bigg on input line 725.
\big@size=\dimen143
LaTeX Font Info:    Redeclaring font encoding OML on input line 743.
LaTeX Font Info:    Redeclaring font encoding OMS on input line 744.
\macc@depth=\count199
LaTeX Info: Redefining \bmod on input line 905.
LaTeX Info: Redefining \pmod on input line 910.
LaTeX Info: Redefining \smash on input line 940.
LaTeX Info: Redefining \relbar on input line 970.
LaTeX Info: Redefining \Relbar on input line 971.
\c@MaxMatrixCols=\count266
\dotsspace@=\muskip16
\c@parentequation=\count267
\dspbrk@lvl=\count268
\tag@help=\toks19
\row@=\count269
\column@=\count270
\maxfields@=\count271
\andhelp@=\toks20
\eqnshift@=\dimen144
\alignsep@=\dimen145
\tagshift@=\dimen146
\tagwidth@=\dimen147
\totwidth@=\dimen148
\lineht@=\dimen149
\@envbody=\toks21
\multlinegap=\skip51
\multlinetaggap=\skip52
\mathdisplay@stack=\toks22
LaTeX Info: Redefining \[ on input line 2953.
LaTeX Info: Redefining \] on input line 2954.
)
(/usr/local/texlive/2023/texmf-dist/tex/latex/amsfonts/amssymb.sty
Package: amssymb 2013/01/14 v3.01 AMS font symbols

(/usr/local/texlive/2023/texmf-dist/tex/latex/amsfonts/amsfonts.sty
Package: amsfonts 2013/01/14 v3.01 Basic AMSFonts support
\symAMSa=\mathgroup4
\symAMSb=\mathgroup5
LaTeX Font Info:    Redeclaring math symbol \hbar on input line 98.
LaTeX Font Info:    Overwriting math alphabet `\mathfrak' in version `bold'
(Font)                  U/euf/m/n --> U/euf/b/n on input line 106.
))
(/usr/local/texlive/2023/texmf-dist/tex/generic/babel/babel.sty
Package: babel 2023/02/13 3.86 The Babel package
\babel@savecnt=\count272
\U@D=\dimen150
\l@unhyphenated=\language87

(/usr/local/texlive/2023/texmf-dist/tex/generic/babel/txtbabel.def)
\bbl@readstream=\read2
\bbl@dirlevel=\count273

(/usr/local/texlive/2023/texmf-dist/tex/generic/babel-english/english.ldf
Language: english 2017/06/06 v3.3r English support from the babel system
Package babel Info: Hyphen rules for 'canadian' set to \l@english
(babel)             (\language0). Reported on input line 102.
Package babel Info: Hyphen rules for 'australian' set to \l@ukenglish
(babel)             (\language21). Reported on input line 105.
Package babel Info: Hyphen rules for 'newzealand' set to \l@ukenglish
(babel)             (\language21). Reported on input line 108.
))
(/usr/local/texlive/2023/texmf-dist/tex/generic/babel/locale/en/babel-english.t
ex
Package babel Info: Importing font and identification data for english
(babel)             from babel-en.ini. Reported on input line 11.
) (/usr/local/texlive/2023/texmf-dist/tex/latex/tex-gyre/tgtermes.sty
Package: tgtermes 2009/09/27 v1.2 TeX Gyre Termes as default roman family

(/usr/local/texlive/2023/texmf-dist/tex/latex/kvoptions/kvoptions.sty
Package: kvoptions 2022-06-15 v3.15 Key value format for package options (HO)

(/usr/local/texlive/2023/texmf-dist/tex/latex/graphics/keyval.sty
Package: keyval 2022/05/29 v1.15 key=value parser (DPC)
\KV@toks@=\toks23
)
(/usr/local/texlive/2023/texmf-dist/tex/generic/ltxcmds/ltxcmds.sty
Package: ltxcmds 2020-05-10 v1.25 LaTeX kernel commands for general use (HO)
)
(/usr/local/texlive/2023/texmf-dist/tex/latex/kvsetkeys/kvsetkeys.sty
Package: kvsetkeys 2022-10-05 v1.19 Key value parser (HO)
)))
(/usr/local/texlive/2023/texmf-dist/tex/latex/tex-gyre/tgheros.sty
Package: tgheros 2009/09/27 v1.2 TeX Gyre Heros as default sans serif family
)
(/usr/local/texlive/2023/texmf-dist/tex/latex/fncychap/fncychap.sty
Package: fncychap 2007/07/30 v1.34 LaTeX package (Revised chapters)
\RW=\skip53
\mylen=\skip54
\myhi=\skip55
\px=\skip56
\py=\skip57
\pyy=\skip58
\pxx=\skip59
\c@AlphaCnt=\count274
\c@AlphaDecCnt=\count275
)
(./sphinx.sty
Package: sphinx 2022/08/15 v5.3.0 LaTeX package (Sphinx markup)
 (/usr/local/texlive/2023/texmf-dist/tex/latex/xcolor/xcolor.sty
Package: xcolor 2022/06/12 v2.14 LaTeX color extensions (UK)

(/usr/local/texlive/2023/texmf-dist/tex/latex/graphics-cfg/color.cfg
File: color.cfg 2016/01/02 v1.6 sample color configuration
)
Package xcolor Info: Driver file: pdftex.def on input line 227.

(/usr/local/texlive/2023/texmf-dist/tex/latex/graphics-def/pdftex.def
File: pdftex.def 2022/09/22 v1.2b Graphics/color driver for pdftex
)
(/usr/local/texlive/2023/texmf-dist/tex/latex/graphics/mathcolor.ltx)
Package xcolor Info: Model `cmy' substituted by `cmy0' on input line 1353.
Package xcolor Info: Model `hsb' substituted by `rgb' on input line 1357.
Package xcolor Info: Model `RGB' extended on input line 1369.
Package xcolor Info: Model `HTML' substituted by `rgb' on input line 1371.
Package xcolor Info: Model `Hsb' substituted by `hsb' on input line 1372.
Package xcolor Info: Model `tHsb' substituted by `hsb' on input line 1373.
Package xcolor Info: Model `HSB' substituted by `hsb' on input line 1374.
Package xcolor Info: Model `Gray' substituted by `gray' on input line 1375.
Package xcolor Info: Model `wave' substituted by `hsb' on input line 1376.
)
\sphinxverbatimsep=\dimen151
\sphinxverbatimborder=\dimen152
\sphinxshadowsep=\dimen153
\sphinxshadowsize=\dimen154
\sphinxshadowrule=\dimen155
\spx@notice@border=\dimen156

(./sphinxoptionshyperref.sty
File: sphinxoptionshyperref.sty 2021/01/27 hyperref
) (./sphinxoptionsgeometry.sty
File: sphinxoptionsgeometry.sty 2021/01/27 geometry
)
(/usr/local/texlive/2023/texmf-dist/tex/latex/base/textcomp.sty
Package: textcomp 2020/02/02 v2.0n Standard LaTeX package
)
(/usr/local/texlive/2023/texmf-dist/tex/latex/float/float.sty
Package: float 2001/11/08 v1.3d Float enhancements (AL)
\c@float@type=\count276
\float@exts=\toks24
\float@box=\box53
\@float@everytoks=\toks25
\@floatcapt=\box54
)
(/usr/local/texlive/2023/texmf-dist/tex/latex/wrapfig/wrapfig.sty
\wrapoverhang=\dimen157
\WF@size=\dimen158
\c@WF@wrappedlines=\count277
\WF@box=\box55
\WF@everypar=\toks26
Package: wrapfig 2003/01/31  v 3.6
)
(/usr/local/texlive/2023/texmf-dist/tex/latex/capt-of/capt-of.sty
Package: capt-of 2009/12/29 v0.2 standard captions outside of floats
)
(/usr/local/texlive/2023/texmf-dist/tex/latex/tools/multicol.sty
Package: multicol 2021/11/30 v1.9d multicolumn formatting (FMi)
\c@tracingmulticols=\count278
\mult@box=\box56
\multicol@leftmargin=\dimen159
\c@unbalance=\count279
\c@collectmore=\count280
\doublecol@number=\count281
\multicoltolerance=\count282
\multicolpretolerance=\count283
\full@width=\dimen160
\page@free=\dimen161
\premulticols=\dimen162
\postmulticols=\dimen163
\multicolsep=\skip60
\multicolbaselineskip=\skip61
\partial@page=\box57
\last@line=\box58
\maxbalancingoverflow=\dimen164
\mult@rightbox=\box59
\mult@grightbox=\box60
\mult@firstbox=\box61
\mult@gfirstbox=\box62
\@tempa=\box63
\@tempa=\box64
\@tempa=\box65
\@tempa=\box66
\@tempa=\box67
\@tempa=\box68
\@tempa=\box69
\@tempa=\box70
\@tempa=\box71
\@tempa=\box72
\@tempa=\box73
\@tempa=\box74
\@tempa=\box75
\@tempa=\box76
\@tempa=\box77
\@tempa=\box78
\@tempa=\box79
\@tempa=\box80
\@tempa=\box81
\@tempa=\box82
\@tempa=\box83
\@tempa=\box84
\@tempa=\box85
\@tempa=\box86
\@tempa=\box87
\@tempa=\box88
\@tempa=\box89
\@tempa=\box90
\@tempa=\box91
\@tempa=\box92
\@tempa=\box93
\@tempa=\box94
\@tempa=\box95
\@tempa=\box96
\@tempa=\box97
\@tempa=\box98
\c@minrows=\count284
\c@columnbadness=\count285
\c@finalcolumnbadness=\count286
\last@try=\dimen165
\multicolovershoot=\dimen166
\multicolundershoot=\dimen167
\mult@nat@firstbox=\box99
\colbreak@box=\box100
\mc@col@check@num=\count287
)
(/usr/local/texlive/2023/texmf-dist/tex/latex/graphics/graphicx.sty
Package: graphicx 2021/09/16 v1.2d Enhanced LaTeX Graphics (DPC,SPQR)

(/usr/local/texlive/2023/texmf-dist/tex/latex/graphics/graphics.sty
Package: graphics 2022/03/10 v1.4e Standard LaTeX Graphics (DPC,SPQR)

(/usr/local/texlive/2023/texmf-dist/tex/latex/graphics/trig.sty
Package: trig 2021/08/11 v1.11 sin cos tan (DPC)
)
(/usr/local/texlive/2023/texmf-dist/tex/latex/graphics-cfg/graphics.cfg
File: graphics.cfg 2016/06/04 v1.11 sample graphics configuration
)
Package graphics Info: Driver file: pdftex.def on input line 107.
)
\Gin@req@height=\dimen168
\Gin@req@width=\dimen169
)
(./sphinxlatexgraphics.sty
File: sphinxlatexgraphics.sty 2021/01/27 graphics
\spx@image@maxheight=\dimen170
\spx@image@box=\box101
) (./sphinxpackageboxes.sty
Package: sphinxpackageboxes 2022/07/04 v5.1.0 advanced colored boxes
\spx@tempboxa=\box102
\spx@tempboxb=\box103
\spx@boxes@border=\dimen171
\spx@boxes@border@top=\dimen172
\spx@boxes@border@right=\dimen173
\spx@boxes@border@bottom=\dimen174
\spx@boxes@border@left=\dimen175
\spx@boxes@padding@top=\dimen176
\spx@boxes@padding@right=\dimen177
\spx@boxes@padding@bottom=\dimen178
\spx@boxes@padding@left=\dimen179
\spx@boxes@shadow@xoffset=\dimen180
\spx@boxes@shadow@yoffset=\dimen181
\spx@boxes@radius@topleft=\dimen182
\spx@boxes@radius@topright=\dimen183
\spx@boxes@radius@bottomright=\dimen184
\spx@boxes@radius@bottomleft=\dimen185
)
(./sphinxlatexadmonitions.sty
File: sphinxlatexadmonitions.sty 2022/07/03 admonitions

(/usr/local/texlive/2023/texmf-dist/tex/latex/framed/framed.sty
Package: framed 2011/10/22 v 0.96: framed or shaded text with page breaks
\OuterFrameSep=\skip62
\fb@frw=\dimen186
\fb@frh=\dimen187
\FrameRule=\dimen188
\FrameSep=\dimen189
))
(./sphinxlatexliterals.sty
File: sphinxlatexliterals.sty 2022/07/29 code-blocks and parsed literals

(/usr/local/texlive/2023/texmf-dist/tex/latex/fancyvrb/fancyvrb.sty
Package: fancyvrb 2023/01/19 4.5a verbatim text (tvz,hv)
\FV@CodeLineNo=\count288
\FV@InFile=\read3
\FV@TabBox=\box104
\c@FancyVerbLine=\count289
\FV@StepNumber=\count290
\FV@OutFile=\write3
)
(/usr/local/texlive/2023/texmf-dist/tex/latex/base/alltt.sty
Package: alltt 2021/01/29 v2.0g defines alltt environment
)
(/usr/local/texlive/2023/texmf-dist/tex/latex/upquote/upquote.sty
Package: upquote 2012/04/19 v1.3 upright-quote and grave-accent glyphs in verba
tim
)
(/usr/local/texlive/2023/texmf-dist/tex/latex/needspace/needspace.sty
Package: needspace 2010/09/12 v1.3d reserve vertical space
)
\sphinxcontinuationbox=\box105
\sphinxvisiblespacebox=\box106
\sphinxVerbatim@TitleBox=\box107
\sphinxVerbatim@ContentsBox=\box108
)
(./sphinxlatexshadowbox.sty
File: sphinxlatexshadowbox.sty 2022/07/03 sphinxShadowBox
) (./sphinxlatexcontainers.sty
File: sphinxlatexcontainers.sty 2021/05/03 containers
)
(./sphinxhighlight.sty
Package: sphinxhighlight 2022/06/30 stylesheet for highlighting with pygments
) (./sphinxlatextables.sty
File: sphinxlatextables.sty 2022/08/15 tables

(/usr/local/texlive/2023/texmf-dist/tex/latex/tabulary/tabulary.sty
Package: tabulary 2014/06/11 v0.10 tabulary package (DPC)

(/usr/local/texlive/2023/texmf-dist/tex/latex/tools/array.sty
Package: array 2022/09/04 v2.5g Tabular extension package (FMi)
\col@sep=\dimen190
\ar@mcellbox=\box109
\extrarowheight=\dimen191
\NC@list=\toks27
\extratabsurround=\skip63
\backup@length=\skip64
\ar@cellbox=\box110
)
\TY@count=\count291
\TY@linewidth=\dimen192
\tymin=\dimen193
\tymax=\dimen194
\TY@tablewidth=\dimen195
)
(/usr/local/texlive/2023/texmf-dist/tex/latex/tools/longtable.sty
Package: longtable 2021-09-01 v4.17 Multi-page Table package (DPC)
\LTleft=\skip65
\LTright=\skip66
\LTpre=\skip67
\LTpost=\skip68
\LTchunksize=\count292
\LTcapwidth=\dimen196
\LT@head=\box111
\LT@firsthead=\box112
\LT@foot=\box113
\LT@lastfoot=\box114
\LT@gbox=\box115
\LT@cols=\count293
\LT@rows=\count294
\c@LT@tables=\count295
\c@LT@chunks=\count296
\LT@p@ftn=\toks28
)
(/usr/local/texlive/2023/texmf-dist/tex/latex/varwidth/varwidth.sty
Package: varwidth 2009/03/30 ver 0.92;  Variable-width minipages
\@vwid@box=\box116
\sift@deathcycles=\count297
\@vwid@loff=\dimen197
\@vwid@roff=\dimen198
)
\sphinx@TY@tablewidth=\dimen199

(/usr/local/texlive/2023/texmf-dist/tex/latex/colortbl/colortbl.sty
Package: colortbl 2022/06/20 v1.0f Color table columns (DPC)
\everycr=\toks29
\minrowclearance=\skip69
\rownum=\count298
))
(./sphinxlatexnumfig.sty
File: sphinxlatexnumfig.sty 2021/01/27 numbering
) (./sphinxlatexlists.sty
File: sphinxlatexlists.sty 2021/12/20 lists
\spx@lineitemlabel=\toks30
)
\c@sphinxscope=\count299
 (./sphinxpackagefootnote.sty
Package: sphinxpackagefootnote 2022/08/15 v5.3.0 Sphinx custom footnotehyper pa
ckage (Sphinx team)
\FNH@notes=\box117
\FNH@toks=\toks31
\FNH@width=\dimen256
\c@sphinxfootnotemark=\count300
) (./sphinxlatexindbibtoc.sty
File: sphinxlatexindbibtoc.sty 2021/01/27 index, bib., toc

(/usr/local/texlive/2023/texmf-dist/tex/latex/base/makeidx.sty
Package: makeidx 2021/10/04 v1.0m Standard LaTeX package
))
(./sphinxlatexstylepage.sty
File: sphinxlatexstylepage.sty 2021/01/27 page styling

(/usr/local/texlive/2023/texmf-dist/tex/latex/parskip/parskip.sty
Rollback for package 'parskip' requested -> version 'v1'.
         This corresponds to the release introduced on 2001-04-09.

(/usr/local/texlive/2023/texmf-dist/tex/latex/parskip/parskip-2001-04-09.sty
Package: parskip 2001/04/09 non-zero parskip adjustments
))
(/usr/local/texlive/2023/texmf-dist/tex/latex/fancyhdr/fancyhdr.sty
Package: fancyhdr 2022/11/09 v4.1 Extensive control of page headers and footers

\f@nch@headwidth=\skip70
\f@nch@O@elh=\skip71
\f@nch@O@erh=\skip72
\f@nch@O@olh=\skip73
\f@nch@O@orh=\skip74
\f@nch@O@elf=\skip75
\f@nch@O@erf=\skip76
\f@nch@O@olf=\skip77
\f@nch@O@orf=\skip78
))
(./sphinxlatexstyleheadings.sty
File: sphinxlatexstyleheadings.sty 2022/08/15 headings

(/usr/local/texlive/2023/texmf-dist/tex/latex/titlesec/titlesec.sty
Package: titlesec 2021/07/05 v2.14 Sectioning titles
\ttl@box=\box118
\beforetitleunit=\skip79
\aftertitleunit=\skip80
\ttl@plus=\dimen257
\ttl@minus=\dimen258
\ttl@toksa=\toks32
\titlewidth=\dimen259
\titlewidthlast=\dimen260
\titlewidthfirst=\dimen261
))
(./sphinxlatexstyletext.sty
File: sphinxlatexstyletext.sty 2022/07/02 text styling
) (./sphinxlatexobjects.sty
File: sphinxlatexobjects.sty 2022/01/13 documentation environments
\sphinxsignaturesep=\skip81
\py@argswidth=\skip82
\lineblockindentation=\skip83
\DUlineblockindent=\skip84
))
(/usr/local/texlive/2023/texmf-dist/tex/latex/geometry/geometry.sty
Package: geometry 2020/01/02 v5.9 Page Geometry

(/usr/local/texlive/2023/texmf-dist/tex/generic/iftex/ifvtex.sty
Package: ifvtex 2019/10/25 v1.7 ifvtex legacy package. Use iftex instead.

(/usr/local/texlive/2023/texmf-dist/tex/generic/iftex/iftex.sty
Package: iftex 2022/02/03 v1.0f TeX engine tests
))
\Gm@cnth=\count301
\Gm@cntv=\count302
\c@Gm@tempcnt=\count303
\Gm@bindingoffset=\dimen262
\Gm@wd@mp=\dimen263
\Gm@odd@mp=\dimen264
\Gm@even@mp=\dimen265
\Gm@layoutwidth=\dimen266
\Gm@layoutheight=\dimen267
\Gm@layouthoffset=\dimen268
\Gm@layoutvoffset=\dimen269
\Gm@dimlist=\toks33
)
(/usr/local/texlive/2023/texmf-dist/tex/latex/hyperref/hyperref.sty
Package: hyperref 2023-02-07 v7.00v Hypertext links for LaTeX

(/usr/local/texlive/2023/texmf-dist/tex/generic/pdftexcmds/pdftexcmds.sty
Package: pdftexcmds 2020-06-27 v0.33 Utility functions of pdfTeX for LuaTeX (HO
)

(/usr/local/texlive/2023/texmf-dist/tex/generic/infwarerr/infwarerr.sty
Package: infwarerr 2019/12/03 v1.5 Providing info/warning/error messages (HO)
)
Package pdftexcmds Info: \pdf@primitive is available.
Package pdftexcmds Info: \pdf@ifprimitive is available.
Package pdftexcmds Info: \pdfdraftmode found.
)
(/usr/local/texlive/2023/texmf-dist/tex/generic/kvdefinekeys/kvdefinekeys.sty
Package: kvdefinekeys 2019-12-19 v1.6 Define keys (HO)
)
(/usr/local/texlive/2023/texmf-dist/tex/generic/pdfescape/pdfescape.sty
Package: pdfescape 2019/12/09 v1.15 Implements pdfTeX's escape features (HO)
)
(/usr/local/texlive/2023/texmf-dist/tex/latex/hycolor/hycolor.sty
Package: hycolor 2020-01-27 v1.10 Color options for hyperref/bookmark (HO)
)
(/usr/local/texlive/2023/texmf-dist/tex/latex/letltxmacro/letltxmacro.sty
Package: letltxmacro 2019/12/03 v1.6 Let assignment for LaTeX macros (HO)
)
(/usr/local/texlive/2023/texmf-dist/tex/latex/auxhook/auxhook.sty
Package: auxhook 2019-12-17 v1.6 Hooks for auxiliary files (HO)
)
(/usr/local/texlive/2023/texmf-dist/tex/latex/hyperref/nameref.sty
Package: nameref 2022-05-17 v2.50 Cross-referencing by name of section

(/usr/local/texlive/2023/texmf-dist/tex/latex/refcount/refcount.sty
Package: refcount 2019/12/15 v3.6 Data extraction from label references (HO)
)
(/usr/local/texlive/2023/texmf-dist/tex/generic/gettitlestring/gettitlestring.s
ty
Package: gettitlestring 2019/12/15 v1.6 Cleanup title references (HO)
)
\c@section@level=\count304
)
\@linkdim=\dimen270
\Hy@linkcounter=\count305
\Hy@pagecounter=\count306
 (/usr/local/texlive/2023/texmf-dist/tex/latex/hyperref/pd1enc.def
File: pd1enc.def 2023-02-07 v7.00v Hyperref: PDFDocEncoding definition (HO)
Now handling font encoding PD1 ...
... no UTF-8 mapping file for font encoding PD1
)
(/usr/local/texlive/2023/texmf-dist/tex/generic/intcalc/intcalc.sty
Package: intcalc 2019/12/15 v1.3 Expandable calculations with integers (HO)
)
(/usr/local/texlive/2023/texmf-dist/tex/generic/etexcmds/etexcmds.sty
Package: etexcmds 2019/12/15 v1.7 Avoid name clashes with e-TeX commands (HO)
)
\Hy@SavedSpaceFactor=\count307

(/usr/local/texlive/2023/texmf-dist/tex/latex/hyperref/puenc.def
File: puenc.def 2023-02-07 v7.00v Hyperref: PDF Unicode definition (HO)
Now handling font encoding PU ...
... no UTF-8 mapping file for font encoding PU
)
Package hyperref Info: Option `unicode' set `true' on input line 4060.
Package hyperref Info: Option `colorlinks' set `true' on input line 4060.
Package hyperref Info: Option `breaklinks' set `true' on input line 4060.
Package hyperref Info: Hyper figures OFF on input line 4177.
Package hyperref Info: Link nesting OFF on input line 4182.
Package hyperref Info: Hyper index ON on input line 4185.
Package hyperref Info: Plain pages OFF on input line 4192.
Package hyperref Info: Backreferencing OFF on input line 4197.
Package hyperref Info: Implicit mode ON; LaTeX internals redefined.
Package hyperref Info: Bookmarks ON on input line 4425.
\c@Hy@tempcnt=\count308

(/usr/local/texlive/2023/texmf-dist/tex/latex/url/url.sty
\Urlmuskip=\muskip17
Package: url 2013/09/16  ver 3.4  Verb mode for urls, etc.
)
LaTeX Info: Redefining \url on input line 4763.
\XeTeXLinkMargin=\dimen271

(/usr/local/texlive/2023/texmf-dist/tex/generic/bitset/bitset.sty
Package: bitset 2019/12/09 v1.3 Handle bit-vector datatype (HO)

(/usr/local/texlive/2023/texmf-dist/tex/generic/bigintcalc/bigintcalc.sty
Package: bigintcalc 2019/12/15 v1.5 Expandable calculations on big integers (HO
)
))
\Fld@menulength=\count309
\Field@Width=\dimen272
\Fld@charsize=\dimen273
Package hyperref Info: Hyper figures OFF on input line 6042.
Package hyperref Info: Link nesting OFF on input line 6047.
Package hyperref Info: Hyper index ON on input line 6050.
Package hyperref Info: backreferencing OFF on input line 6057.
Package hyperref Info: Link coloring ON on input line 6060.
Package hyperref Info: Link coloring with OCG OFF on input line 6067.
Package hyperref Info: PDF/A mode OFF on input line 6072.

(/usr/local/texlive/2023/texmf-dist/tex/latex/base/atbegshi-ltx.sty
Package: atbegshi-ltx 2021/01/10 v1.0c Emulation of the original atbegshi
package with kernel methods
)
\Hy@abspage=\count310
\c@Item=\count311
\c@Hfootnote=\count312
)
Package hyperref Info: Driver (autodetected): hpdftex.

(/usr/local/texlive/2023/texmf-dist/tex/latex/hyperref/hpdftex.def
File: hpdftex.def 2023-02-07 v7.00v Hyperref driver for pdfTeX

(/usr/local/texlive/2023/texmf-dist/tex/latex/base/atveryend-ltx.sty
Package: atveryend-ltx 2020/08/19 v1.0a Emulation of the original atveryend pac
kage
with kernel methods
)
\Fld@listcount=\count313
\c@bookmark@seq@number=\count314

(/usr/local/texlive/2023/texmf-dist/tex/latex/rerunfilecheck/rerunfilecheck.sty
Package: rerunfilecheck 2022-07-10 v1.10 Rerun checks for auxiliary files (HO)

(/usr/local/texlive/2023/texmf-dist/tex/generic/uniquecounter/uniquecounter.sty
Package: uniquecounter 2019/12/15 v1.4 Provide unlimited unique counter (HO)
)
Package uniquecounter Info: New unique counter `rerunfilecheck' on input line 2
85.
)
\Hy@SectionHShift=\skip85
) (/usr/local/texlive/2023/texmf-dist/tex/latex/oberdiek/hypcap.sty
Package: hypcap 2016/05/16 v1.12 Adjusting the anchors of captions (HO)
)
(./sphinxmessages.sty
Package: sphinxmessages 2019/01/04 v2.0 Localized LaTeX macros (Sphinx team)
)
\@indexfile=\write4
\openout4 = `QCompute-QAPP.idx'.


Writing index file QCompute-QAPP.idx
LaTeX Font Info:    Trying to load font information for T1+qtm on input line 71
.
(/usr/local/texlive/2023/texmf-dist/tex/latex/tex-gyre/t1qtm.fd
File: t1qtm.fd 2009/09/25 v1.2 font definition file for T1/qtm
)
(/usr/local/texlive/2023/texmf-dist/tex/latex/l3backend/l3backend-pdftex.def
File: l3backend-pdftex.def 2023-01-16 L3 backend support: PDF output (pdfTeX)
\l__color_backend_stack_int=\count315
\l__pdf_internal_box=\box119
)
(./QCompute-QAPP.aux

LaTeX Warning: Label `qcompute_qapp::doc' multiply defined.

)
\openout1 = `QCompute-QAPP.aux'.

LaTeX Font Info:    Checking defaults for OML/cmm/m/it on input line 71.
LaTeX Font Info:    ... okay on input line 71.
LaTeX Font Info:    Checking defaults for OMS/cmsy/m/n on input line 71.
LaTeX Font Info:    ... okay on input line 71.
LaTeX Font Info:    Checking defaults for OT1/cmr/m/n on input line 71.
LaTeX Font Info:    ... okay on input line 71.
LaTeX Font Info:    Checking defaults for T1/cmr/m/n on input line 71.
LaTeX Font Info:    ... okay on input line 71.
LaTeX Font Info:    Checking defaults for TS1/cmr/m/n on input line 71.
LaTeX Font Info:    ... okay on input line 71.
LaTeX Font Info:    Checking defaults for OMX/cmex/m/n on input line 71.
LaTeX Font Info:    ... okay on input line 71.
LaTeX Font Info:    Checking defaults for U/cmr/m/n on input line 71.
LaTeX Font Info:    ... okay on input line 71.
LaTeX Font Info:    Checking defaults for PD1/pdf/m/n on input line 71.
LaTeX Font Info:    ... okay on input line 71.
LaTeX Font Info:    Checking defaults for PU/pdf/m/n on input line 71.
LaTeX Font Info:    ... okay on input line 71.
 (/usr/local/texlive/2023/texmf-dist/tex/context/base/mkii/supp-pdf.mkii
[Loading MPS to PDF converter (version 2006.09.02).]
\scratchcounter=\count316
\scratchdimen=\dimen274
\scratchbox=\box120
\nofMPsegments=\count317
\nofMParguments=\count318
\everyMPshowfont=\toks34
\MPscratchCnt=\count319
\MPscratchDim=\dimen275
\MPnumerator=\count320
\makeMPintoPDFobject=\count321
\everyMPtoPDFconversion=\toks35
) (/usr/local/texlive/2023/texmf-dist/tex/latex/epstopdf-pkg/epstopdf-base.sty
Package: epstopdf-base 2020-01-24 v2.11 Base part for package epstopdf
Package epstopdf-base Info: Redefining graphics rule for `.eps' on input line 4
85.

(/usr/local/texlive/2023/texmf-dist/tex/latex/latexconfig/epstopdf-sys.cfg
File: epstopdf-sys.cfg 2010/07/13 v1.3 Configuration of (r)epstopdf for TeX Liv
e
))
\c@literalblock=\count322

*geometry* driver: auto-detecting
*geometry* detected driver: pdftex
*geometry* verbose mode - [ preamble ] result:
* driver: pdftex
* paper: letterpaper
* layout: <same size as paper>
* layoutoffset:(h,v)=(0.0pt,0.0pt)
* modes: twoside 
* h-part:(L,W,R)=(72.26999pt, 469.75502pt, 72.26999pt)
* v-part:(T,H,B)=(72.26999pt, 650.43001pt, 72.26999pt)
* \paperwidth=614.295pt
* \paperheight=794.96999pt
* \textwidth=469.75502pt
* \textheight=650.43001pt
* \oddsidemargin=0.0pt
* \evensidemargin=0.0pt
* \topmargin=-37.0pt
* \headheight=12.0pt
* \headsep=25.0pt
* \topskip=10.0pt
* \footskip=30.0pt
* \marginparwidth=36.135pt
* \marginparsep=11.0pt
* \columnsep=10.0pt
* \skip\footins=9.0pt plus 4.0pt minus 2.0pt
* \hoffset=0.0pt
* \voffset=0.0pt
* \mag=1000
* \@twocolumnfalse
* \@twosidetrue
* \@mparswitchtrue
* \@reversemarginfalse
* (1in=72.27pt=25.4mm, 1cm=28.453pt)

Package hyperref Info: Link coloring ON on input line 71.
(./QCompute-QAPP.out) (./QCompute-QAPP.out)
\@outlinefile=\write5
\openout5 = `QCompute-QAPP.out'.

Package hyperref Info: Option `pageanchor' set `false' on input line 79.
LaTeX Font Info:    Trying to load font information for T1+qhv on input line 79
.

(/usr/local/texlive/2023/texmf-dist/tex/latex/tex-gyre/t1qhv.fd
File: t1qhv.fd 2009/09/25 v1.2 font definition file for T1/qhv
)<<ot1.cmap>><<oml.cmap>><<oms.cmap>><<omx.cmap>>
LaTeX Font Info:    Trying to load font information for U+msa on input line 79.


(/usr/local/texlive/2023/texmf-dist/tex/latex/amsfonts/umsa.fd
File: umsa.fd 2013/01/14 v3.01 AMS symbols A
)
LaTeX Font Info:    Trying to load font information for U+msb on input line 79.


(/usr/local/texlive/2023/texmf-dist/tex/latex/amsfonts/umsb.fd
File: umsb.fd 2013/01/14 v3.01 AMS symbols B
) [1

{/usr/local/texlive/2023/texmf-var/fonts/map/pdftex/updmap/pdftex.map}{/usr/loc
al/texlive/2023/texmf-dist/fonts/enc/dvips/tex-gyre/q-ec.enc}] [2


] (./QCompute-QAPP.toc
LaTeX Font Info:    Trying to load font information for T1+txtt on input line 3
.

(/usr/local/texlive/2023/texmf-dist/tex/latex/txfonts/t1txtt.fd
File: t1txtt.fd 2000/12/15 v3.1
))
\tf@toc=\write6
\openout6 = `QCompute-QAPP.toc'.

 [1

] [2

]
Chapter 1.
LaTeX Font Info:    Font shape `T1/txtt/b/n' in size <14.4> not available
(Font)              Font shape `T1/txtt/bx/n' tried instead on input line 96.
LaTeX Font Info:    Font shape `T1/txtt/b/n' in size <10> not available
(Font)              Font shape `T1/txtt/bx/n' tried instead on input line 105.
LaTeX Font Info:    Trying to load font information for TS1+qtm on input line 1
05.
(/usr/local/texlive/2023/texmf-dist/tex/latex/tex-gyre/ts1qtm.fd
File: ts1qtm.fd 2009/09/25 v1.2 font definition file for TS1/qtm
)
LaTeX Font Info:    Font shape `T1/txtt/m/it' in size <10> not available
(Font)              Font shape `T1/txtt/m/sl' tried instead on input line 119.
 [1

{/usr/local/texlive/2023/texmf-dist/fonts/enc/dvips/tex-gyre/q-ts1.enc}] [2] [3
] [4]
LaTeX Font Info:    Font shape `T1/txtt/b/n' in size <12> not available
(Font)              Font shape `T1/txtt/bx/n' tried instead on input line 737.

[5] [6] [7]
LaTeX Font Info:    Trying to load font information for TS1+txtt on input line 
1.
 (/usr/local/texlive/2023/texmf-dist/tex/latex/txfonts/ts1txtt.fd
File: ts1txtt.fd 2000/12/15 v3.1
)
[8] [9] [10] [11] [12] [13] [14] [15]
Underfull \hbox (badness 7631) in paragraph at lines 2322--2326
[]\T1/txtt/bx/n/10 coloring_strategy \T1/qtm/m/n/10 (\T1/txtt/m/sl/10 str\T1/qt
m/m/n/10 ) ^^U Graph col-or-ing strat-egy cho-sen from the fol-low-
 []


Underfull \hbox (badness 10000) in paragraph at lines 2322--2326
\T1/qtm/m/n/10 ing: `largest_first', `ran-dom_sequential', `small-est_last', `i
n-de-pen-dent_set', `con-
 []


Underfull \hbox (badness 10000) in paragraph at lines 2322--2326
\T1/qtm/m/n/10 nected_sequential_bfs', `con-nected_sequential_dfs', `con-nected
_sequential', `sat-u-ra-
 []

[16] [17



] (./QCompute-QAPP.ind [18


]
Underfull \hbox (badness 10000) in paragraph at lines 8--10
[]\T1/txtt/m/n/10 add_circuit() \T1/qtm/m/n/10 (\T1/qtm/m/it/10 qcom-pute_qapp.
circuit.BasicCircuit
 []


Underfull \hbox (badness 10000) in paragraph at lines 10--12
[]\T1/txtt/m/n/10 add_circuit() \T1/qtm/m/n/10 (\T1/qtm/m/it/10 qcom-
 []


Underfull \hbox (badness 10000) in paragraph at lines 10--12
\T1/qtm/m/it/10 pute_qapp.circuit.BasisEncodingCircuit
 []


Underfull \hbox (badness 10000) in paragraph at lines 12--14
[]\T1/txtt/m/n/10 add_circuit() \T1/qtm/m/n/10 (\T1/qtm/m/it/10 qcom-
 []


Overfull \hbox (24.52249pt too wide) in paragraph at lines 12--14
\T1/qtm/m/it/10 pute_qapp.circuit.ComplexAlternatingLayeredCircuit
 []


Underfull \hbox (badness 10000) in paragraph at lines 14--16
[]\T1/txtt/m/n/10 add_circuit() \T1/qtm/m/n/10 (\T1/qtm/m/it/10 qcom-
 []


Underfull \hbox (badness 10000) in paragraph at lines 14--16
\T1/qtm/m/it/10 pute_qapp.circuit.ComplexEntangledCircuit
 []


Underfull \hbox (badness 10000) in paragraph at lines 16--18
[]\T1/txtt/m/n/10 add_circuit() \T1/qtm/m/n/10 (\T1/qtm/m/it/10 qcom-
 []


Underfull \hbox (badness 10000) in paragraph at lines 16--18
\T1/qtm/m/it/10 pute_qapp.circuit.IQPEncodingCircuit
 []


Underfull \hbox (badness 10000) in paragraph at lines 18--20
[]\T1/txtt/m/n/10 add_circuit() \T1/qtm/m/n/10 (\T1/qtm/m/it/10 qcom-
 []


Underfull \hbox (badness 10000) in paragraph at lines 18--20
\T1/qtm/m/it/10 pute_qapp.circuit.KernelEstimationCircuit
 []


Underfull \hbox (badness 10000) in paragraph at lines 20--22
[]\T1/txtt/m/n/10 add_circuit() \T1/qtm/m/n/10 (\T1/qtm/m/it/10 qcom-
 []


Underfull \hbox (badness 10000) in paragraph at lines 20--22
\T1/qtm/m/it/10 pute_qapp.circuit.ParameterizedCircuit
 []


Underfull \hbox (badness 10000) in paragraph at lines 22--24
[]\T1/txtt/m/n/10 add_circuit() \T1/qtm/m/n/10 (\T1/qtm/m/it/10 qcom-
 []


Underfull \hbox (badness 10000) in paragraph at lines 22--24
\T1/qtm/m/it/10 pute_qapp.circuit.PauliMeasurementCircuit
 []


Underfull \hbox (badness 10000) in paragraph at lines 24--26
[]\T1/txtt/m/n/10 add_circuit() \T1/qtm/m/n/10 (\T1/qtm/m/it/10 qcom-
 []


Overfull \hbox (33.67249pt too wide) in paragraph at lines 24--26
\T1/qtm/m/it/10 pute_qapp.circuit.PauliMeasurementCircuitWithAncilla
 []


Underfull \hbox (badness 10000) in paragraph at lines 26--28
[]\T1/txtt/m/n/10 add_circuit() \T1/qtm/m/n/10 (\T1/qtm/m/it/10 qcom-pute_qapp.
circuit.QAOAAnsatz
 []


Underfull \hbox (badness 10000) in paragraph at lines 28--30
[]\T1/txtt/m/n/10 add_circuit() \T1/qtm/m/n/10 (\T1/qtm/m/it/10 qcom-
 []


Overfull \hbox (7.1525pt too wide) in paragraph at lines 28--30
\T1/qtm/m/it/10 pute_qapp.circuit.RealAlternatingLayeredCircuit
 []


Underfull \hbox (badness 10000) in paragraph at lines 30--32
[]\T1/txtt/m/n/10 add_circuit() \T1/qtm/m/n/10 (\T1/qtm/m/it/10 qcom-
 []


Underfull \hbox (badness 10000) in paragraph at lines 30--32
\T1/qtm/m/it/10 pute_qapp.circuit.RealEntangledCircuit
 []


Underfull \hbox (badness 10000) in paragraph at lines 32--34
[]\T1/txtt/m/n/10 add_circuit() \T1/qtm/m/n/10 (\T1/qtm/m/it/10 qcom-
 []


Overfull \hbox (40.08249pt too wide) in paragraph at lines 32--34
\T1/qtm/m/it/10 pute_qapp.circuit.SimultaneousPauliMeasurementCircuit
 []


Underfull \hbox (badness 10000) in paragraph at lines 34--36
[]\T1/txtt/m/n/10 add_circuit() \T1/qtm/m/n/10 (\T1/qtm/m/it/10 qcom-
 []


Underfull \hbox (badness 10000) in paragraph at lines 34--36
\T1/qtm/m/it/10 pute_qapp.circuit.UniversalCircuit method\T1/qtm/m/n/10 ),
 []


Underfull \hbox (badness 10000) in paragraph at lines 41--42
[]\T1/txtt/m/n/10 BasisEncodingCircuit \T1/qtm/m/n/10 (\T1/qtm/m/it/10 class in
 qcom-
 []


Underfull \hbox (badness 10000) in paragraph at lines 47--49
[]\T1/txtt/m/n/10 ComplexEntangledCircuit \T1/qtm/m/n/10 (\T1/qtm/m/it/10 class
 in qcom-
 []


Underfull \hbox (badness 10000) in paragraph at lines 49--51
[]\T1/txtt/m/n/10 compute_ground_state_energy() \T1/qtm/m/n/10 (\T1/qtm/m/it/10
 qcom-
 []


Overfull \hbox (64.68251pt too wide) in paragraph at lines 49--51
\T1/qtm/m/it/10 pute_qapp.application.chemistry.MolecularGroundStateEnergy
 []


Underfull \hbox (badness 10000) in paragraph at lines 54--56
[]\T1/txtt/m/n/10 decode_bitstring() \T1/qtm/m/n/10 (\T1/qtm/m/it/10 qcom-
 []


Underfull \hbox (badness 10000) in paragraph at lines 54--56
\T1/qtm/m/it/10 pute_qapp.application.optimization.MaxCut
 []


Underfull \hbox (badness 10000) in paragraph at lines 59--60
[]\T1/txtt/m/n/10 fit() \T1/qtm/m/n/10 (\T1/qtm/m/it/10 qcom-pute_qapp.algorith
m.KernelClassifier
 []


Underfull \hbox (badness 10000) in paragraph at lines 63--65
[]\T1/txtt/m/n/10 get_expectation() \T1/qtm/m/n/10 (\T1/qtm/m/it/10 qcom-
 []


Underfull \hbox (badness 10000) in paragraph at lines 63--65
\T1/qtm/m/it/10 pute_qapp.circuit.PauliMeasurementCircuit
 []


Underfull \hbox (badness 10000) in paragraph at lines 65--67
[]\T1/txtt/m/n/10 get_expectation() \T1/qtm/m/n/10 (\T1/qtm/m/it/10 qcom-
 []


Overfull \hbox (33.67249pt too wide) in paragraph at lines 65--67
\T1/qtm/m/it/10 pute_qapp.circuit.PauliMeasurementCircuitWithAncilla
 []


Underfull \hbox (badness 10000) in paragraph at lines 67--69
[]\T1/txtt/m/n/10 get_expectation() \T1/qtm/m/n/10 (\T1/qtm/m/it/10 qcom-
 []


Overfull \hbox (40.08249pt too wide) in paragraph at lines 67--69
\T1/qtm/m/it/10 pute_qapp.circuit.SimultaneousPauliMeasurementCircuit
 []


Underfull \hbox (badness 10000) in paragraph at lines 69--70
[]\T1/txtt/m/n/10 get_gradient() \T1/qtm/m/n/10 (\T1/qtm/m/it/10 qcom-pute_qapp
.algorithm.QAOA
 []


Underfull \hbox (badness 10000) in paragraph at lines 70--71
[]\T1/txtt/m/n/10 get_gradient() \T1/qtm/m/n/10 (\T1/qtm/m/it/10 qcom-pute_qapp
.algorithm.SSVQE
 []


Underfull \hbox (badness 10000) in paragraph at lines 71--72
[]\T1/txtt/m/n/10 get_gradient() \T1/qtm/m/n/10 (\T1/qtm/m/it/10 qcom-pute_qapp
.algorithm.VQE
 []

[19

]
Underfull \hbox (badness 10000) in paragraph at lines 73--74
[]\T1/txtt/m/n/10 get_loss() \T1/qtm/m/n/10 (\T1/qtm/m/it/10 qcom-pute_qapp.alg
orithm.SSVQE
 []


Underfull \hbox (badness 10000) in paragraph at lines 75--76
[]\T1/txtt/m/n/10 get_measure() \T1/qtm/m/n/10 (\T1/qtm/m/it/10 qcom-pute_qapp.
algorithm.QAOA
 []


Underfull \hbox (badness 10000) in paragraph at lines 76--77
[]\T1/txtt/m/n/10 get_measure() \T1/qtm/m/n/10 (\T1/qtm/m/it/10 qcom-pute_qapp.
algorithm.VQE
 []


Underfull \hbox (badness 10000) in paragraph at lines 77--79
[]\T1/txtt/m/n/10 graph_to_hamiltonian() \T1/qtm/m/n/10 (\T1/qtm/m/it/10 qcom-
 []


Underfull \hbox (badness 10000) in paragraph at lines 77--79
\T1/qtm/m/it/10 pute_qapp.application.optimization.MaxCut
 []


Underfull \hbox (badness 10000) in paragraph at lines 79--80
[]\T1/txtt/m/n/10 grouping_hamiltonian() \T1/qtm/m/n/10 (\T1/qtm/m/it/10 in mod
-ule qcom-
 []


Overfull \hbox (108.94235pt too wide) in paragraph at lines 83--85
[]\T1/txtt/m/n/10 hamiltonian \T1/qtm/m/n/10 (\T1/qtm/m/it/10 qcom-pute_qapp.ap
plication.chemistry.MolecularGroundStateEnergy
 []


Overfull \hbox (31.59235pt too wide) in paragraph at lines 85--87
[]\T1/txtt/m/n/10 hamiltonian \T1/qtm/m/n/10 (\T1/qtm/m/it/10 qcom-pute_qapp.ap
plication.optimization.MaxCut
 []


Underfull \hbox (badness 10000) in paragraph at lines 94--95
[]\T1/txtt/m/n/10 KernelClassifier \T1/qtm/m/n/10 (\T1/qtm/m/it/10 class in qco
m-
 []


Underfull \hbox (badness 10000) in paragraph at lines 95--96
[]\T1/txtt/m/n/10 KernelEstimationCircuit \T1/qtm/m/n/10 (\T1/qtm/m/it/10 class
 in qcom-
 []


Underfull \hbox (badness 10000) in paragraph at lines 99--101
[]\T1/txtt/m/n/10 load_hamiltonian_from_file() \T1/qtm/m/n/10 (\T1/qtm/m/it/10 
qcom-
 []


Overfull \hbox (64.68251pt too wide) in paragraph at lines 99--101
\T1/qtm/m/it/10 pute_qapp.application.chemistry.MolecularGroundStateEnergy
 []


Underfull \hbox (badness 10000) in paragraph at lines 104--105
[]\T1/txtt/m/n/10 MaxCut \T1/qtm/m/n/10 (\T1/qtm/m/it/10 class in qcom-
 []


Underfull \hbox (badness 10000) in paragraph at lines 105--107
[]\T1/txtt/m/n/10 maximum_eigenvalue \T1/qtm/m/n/10 (\T1/qtm/m/it/10 qcom-
 []


Underfull \hbox (badness 10000) in paragraph at lines 116--118
[]\T1/txtt/m/n/10 minimum_eigenvalues \T1/qtm/m/n/10 (\T1/qtm/m/it/10 qcom-
 []


Underfull \hbox (badness 10000) in paragraph at lines 125--127
[]\T1/txtt/m/n/10 MolecularGroundStateEnergy \T1/qtm/m/n/10 (\T1/qtm/m/it/10 cl
ass in qcom-
 []


Overfull \hbox (103.69237pt too wide) in paragraph at lines 130--132
[]\T1/txtt/m/n/10 num_qubits \T1/qtm/m/n/10 (\T1/qtm/m/it/10 qcom-pute_qapp.app
lication.chemistry.MolecularGroundStateEnergy
 []


Overfull \hbox (26.34236pt too wide) in paragraph at lines 132--134
[]\T1/txtt/m/n/10 num_qubits \T1/qtm/m/n/10 (\T1/qtm/m/it/10 qcom-pute_qapp.app
lication.optimization.MaxCut
 []


Underfull \hbox (badness 10000) in paragraph at lines 137--138
[]\T1/txtt/m/n/10 ParameterizedCircuit \T1/qtm/m/n/10 (\T1/qtm/m/it/10 class in
 qcom-
 []


Overfull \hbox (7.73238pt too wide) in paragraph at lines 138--140
[]\T1/txtt/m/n/10 parameters \T1/qtm/m/n/10 (\T1/qtm/m/it/10 qcom-pute_qapp.cir
cuit.ParameterizedCircuit
 []


Underfull \hbox (badness 10000) in paragraph at lines 140--142
[]\T1/txtt/m/n/10 pauli_terms_to_matrix() \T1/qtm/m/n/10 (\T1/qtm/m/it/10 in mo
d-ule qcom-
 []


Underfull \hbox (badness 10000) in paragraph at lines 142--143
[]\T1/txtt/m/n/10 PauliMeasurementCircuit \T1/qtm/m/n/10 (\T1/qtm/m/it/10 class
 in qcom-
 []


Underfull \hbox (badness 10000) in paragraph at lines 143--145
[]\T1/txtt/m/n/10 PauliMeasurementCircuitWithAncilla \T1/qtm/m/n/10 (\T1/qtm/m/
it/10 class in
 []


Underfull \hbox (badness 5388) in paragraph at lines 168--170
[]\T1/txtt/m/n/10 RealAlternatingLayeredCircuit \T1/qtm/m/n/10 (\T1/qtm/m/it/10
 class in qcom-
 []


Underfull \hbox (badness 10000) in paragraph at lines 170--171
[]\T1/txtt/m/n/10 RealEntangledCircuit \T1/qtm/m/n/10 (\T1/qtm/m/it/10 class in
 qcom-
 []

[20]
Underfull \hbox (badness 10000) in paragraph at lines 177--178
[]\T1/txtt/m/n/10 set_backend() \T1/qtm/m/n/10 (\T1/qtm/m/it/10 qcom-pute_qapp.
algorithm.QAOA
 []


Underfull \hbox (badness 10000) in paragraph at lines 178--179
[]\T1/txtt/m/n/10 set_backend() \T1/qtm/m/n/10 (\T1/qtm/m/it/10 qcom-pute_qapp.
algorithm.SSVQE
 []


Underfull \hbox (badness 10000) in paragraph at lines 179--180
[]\T1/txtt/m/n/10 set_backend() \T1/qtm/m/n/10 (\T1/qtm/m/it/10 qcom-pute_qapp.
algorithm.VQE
 []


Underfull \hbox (badness 10000) in paragraph at lines 180--182
[]\T1/txtt/m/n/10 set_circuit() \T1/qtm/m/n/10 (\T1/qtm/m/it/10 qcom-
 []


Underfull \hbox (badness 10000) in paragraph at lines 180--182
\T1/qtm/m/it/10 pute_qapp.optimizer.BasicOptimizer method\T1/qtm/m/n/10 ),
 []


Underfull \hbox (badness 10000) in paragraph at lines 182--184
[]\T1/txtt/m/n/10 set_parameters() \T1/qtm/m/n/10 (\T1/qtm/m/it/10 qcom-
 []


Underfull \hbox (badness 10000) in paragraph at lines 182--184
\T1/qtm/m/it/10 pute_qapp.circuit.ParameterizedCircuit
 []


Underfull \hbox (badness 6428) in paragraph at lines 185--187
[]\T1/txtt/m/n/10 SimultaneousPauliMeasurementCircuit \T1/qtm/m/n/10 (\T1/qtm/m
/it/10 class in
 []

[21

]) (./QCompute-QAPP.aux)

LaTeX Warning: There were multiply-defined labels.

Package rerunfilecheck Info: File `QCompute-QAPP.out' has not changed.
(rerunfilecheck)             Checksum: A101D8B38F6D4D4194BF39E6D76E2A59;1701.
 ) 
Here is how much of TeX's memory you used:
 15569 strings out of 476025
 262771 string characters out of 5790017
 1867388 words of memory out of 5000000
 35522 multiletter control sequences out of 15000+600000
 564620 words of font info for 76 fonts, out of 8000000 for 9000
 1142 hyphenation exceptions out of 8191
 72i,12n,76p,1145b,813s stack positions out of 10000i,1000n,20000p,200000b,200000s
</usr/local/texlive/2023/texmf-dist/fonts/type1/public/amsfonts/cm/cmsy10.pfb
></usr/local/texlive/2023/texmf-dist/fonts/type1/public/tex-gyre/qhvb.pfb></usr
/local/texlive/2023/texmf-dist/fonts/type1/public/tex-gyre/qhvbi.pfb></usr/loca
l/texlive/2023/texmf-dist/fonts/type1/public/tex-gyre/qhvr.pfb></usr/local/texl
ive/2023/texmf-dist/fonts/type1/public/tex-gyre/qtmb.pfb></usr/local/texlive/20
23/texmf-dist/fonts/type1/public/tex-gyre/qtmr.pfb></usr/local/texlive/2023/tex
mf-dist/fonts/type1/public/tex-gyre/qtmri.pfb></usr/local/texlive/2023/texmf-di
st/fonts/type1/public/txfonts/t1xbtt.pfb></usr/local/texlive/2023/texmf-dist/fo
nts/type1/public/txfonts/t1xtt.pfb></usr/local/texlive/2023/texmf-dist/fonts/ty
pe1/public/txfonts/t1xtt.pfb></usr/local/texlive/2023/texmf-dist/fonts/type1/pu
blic/txfonts/tcxtt.pfb>
Output written on QCompute-QAPP.pdf (25 pages, 223283 bytes).
PDF statistics:
 488 PDF objects out of 1000 (max. 8388607)
 437 compressed objects within 5 object streams
 117 named destinations out of 1000 (max. 500000)
 101 words of extra memory for PDF output out of 10000 (max. 10000000)

